
2월 28, 2022 09:36:03.681 NEW SESSION
2월 28, 2022 09:36:03.681 [4164:21444:0228/093603.679:ERROR:data_pack.cc(126)] Could not open pak file for writing: 다른 프로세스가 파일을 사용 중이기 때문에 프로세스가 액세스 할 수 없습니다. (0x20)
2월 28, 2022 09:36:05.708 [4164:23828:0228/093605.708:ERROR:chrome_browser_main_extra_parts_metrics.cc(227)] START: ReportBluetoothAvailability(). If you don't see the END: message, this is crbug.com/1216328.
2월 28, 2022 09:36:05.708 [4164:23828:0228/093605.708:ERROR:chrome_browser_main_extra_parts_metrics.cc(230)] END: ReportBluetoothAvailability()
2월 28, 2022 09:36:05.708 [4164:23828:0228/093605.708:ERROR:chrome_browser_main_extra_parts_metrics.cc(235)] START: GetDefaultBrowser(). If you don't see the END: message, this is crbug.com/1216328.
2월 28, 2022 09:36:05.711 [4164:23828:0228/093605.711:ERROR:chrome_browser_main_extra_parts_metrics.cc(239)] END: GetDefaultBrowser()
2월 28, 2022 09:36:05.716 [4164:21144:0228/093605.715:ERROR:device_event_log_impl.cc(214)] [09:36:05.715] USB: usb_device_handle_win.cc:1049 Failed to read descriptor from node connection: 시스템에 부착된 장치가 작동하지 않습니다. (0x1F)
2월 28, 2022 09:36:05.720 [4164:21144:0228/093605.719:ERROR:device_event_log_impl.cc(214)] [09:36:05.719] Bluetooth: bluetooth_adapter_winrt.cc:1075 Getting Default Adapter failed.
2월 28, 2022 09:40:43.955 [4216:24488:0228/094043.955:ERROR:data_pack.cc(126)] Could not open pak file for writing: 다른 프로세스가 파일을 사용 중이기 때문에 프로세스가 액세스 할 수 없습니다. (0x20)
2월 28, 2022 09:40:45.881 [4216:21564:0228/094045.881:ERROR:chrome_browser_main_extra_parts_metrics.cc(227)] START: ReportBluetoothAvailability(). If you don't see the END: message, this is crbug.com/1216328.
2월 28, 2022 09:40:45.881 [4216:21564:0228/094045.881:ERROR:chrome_browser_main_extra_parts_metrics.cc(230)] END: ReportBluetoothAvailability()
2월 28, 2022 09:40:45.881 [4216:21564:0228/094045.881:ERROR:chrome_browser_main_extra_parts_metrics.cc(235)] START: GetDefaultBrowser(). If you don't see the END: message, this is crbug.com/1216328.
2월 28, 2022 09:40:45.884 [4216:21564:0228/094045.884:ERROR:chrome_browser_main_extra_parts_metrics.cc(239)] END: GetDefaultBrowser()
2월 28, 2022 09:40:45.891 [4216:24156:0228/094045.890:ERROR:device_event_log_impl.cc(214)] [09:40:45.891] USB: usb_device_handle_win.cc:1049 Failed to read descriptor from node connection: 시스템에 부착된 장치가 작동하지 않습니다. (0x1F)
2월 28, 2022 09:40:45.893 [4216:24156:0228/094045.893:ERROR:device_event_log_impl.cc(214)] [09:40:45.893] USB: usb_device_handle_win.cc:1049 Failed to read descriptor from node connection: 시스템에 부착된 장치가 작동하지 않습니다. (0x1F)
2월 28, 2022 09:40:45.896 [4216:24156:0228/094045.895:ERROR:device_event_log_impl.cc(214)] [09:40:45.896] Bluetooth: bluetooth_adapter_winrt.cc:1075 Getting Default Adapter failed.
2월 28, 2022 10:02:14.325 [22588:12940:0228/100214.325:ERROR:data_pack.cc(126)] Could not open pak file for writing: 다른 프로세스가 파일을 사용 중이기 때문에 프로세스가 액세스 할 수 없습니다. (0x20)
2월 28, 2022 10:02:16.419 [22588:17280:0228/100216.419:ERROR:chrome_browser_main_extra_parts_metrics.cc(227)] START: ReportBluetoothAvailability(). If you don't see the END: message, this is crbug.com/1216328.
2월 28, 2022 10:02:16.420 [22588:17280:0228/100216.419:ERROR:chrome_browser_main_extra_parts_metrics.cc(230)] END: ReportBluetoothAvailability()
2월 28, 2022 10:02:16.420 [22588:17280:0228/100216.419:ERROR:chrome_browser_main_extra_parts_metrics.cc(235)] START: GetDefaultBrowser(). If you don't see the END: message, this is crbug.com/1216328.
2월 28, 2022 10:02:16.423 [22588:17280:0228/100216.423:ERROR:chrome_browser_main_extra_parts_metrics.cc(239)] END: GetDefaultBrowser()
2월 28, 2022 10:02:16.429 [22588:13104:0228/100216.428:ERROR:device_event_log_impl.cc(214)] [10:02:16.428] USB: usb_device_handle_win.cc:1049 Failed to read descriptor from node connection: 시스템에 부착된 장치가 작동하지 않습니다. (0x1F)
2월 28, 2022 10:02:16.433 [22588:13104:0228/100216.433:ERROR:device_event_log_impl.cc(214)] [10:02:16.433] Bluetooth: bluetooth_adapter_winrt.cc:1075 Getting Default Adapter failed.
2월 28, 2022 10:02:32.63 [24972:25792:0228/100232.063:ERROR:data_pack.cc(126)] Could not open pak file for writing: 다른 프로세스가 파일을 사용 중이기 때문에 프로세스가 액세스 할 수 없습니다. (0x20)
2월 28, 2022 10:02:34.155 [24972:25664:0228/100234.155:ERROR:chrome_browser_main_extra_parts_metrics.cc(227)] START: ReportBluetoothAvailability(). If you don't see the END: message, this is crbug.com/1216328.
2월 28, 2022 10:02:34.156 [24972:25664:0228/100234.155:ERROR:chrome_browser_main_extra_parts_metrics.cc(230)] END: ReportBluetoothAvailability()
2월 28, 2022 10:02:34.156 [24972:25664:0228/100234.155:ERROR:chrome_browser_main_extra_parts_metrics.cc(235)] START: GetDefaultBrowser(). If you don't see the END: message, this is crbug.com/1216328.
2월 28, 2022 10:02:34.158 [24972:25664:0228/100234.158:ERROR:chrome_browser_main_extra_parts_metrics.cc(239)] END: GetDefaultBrowser()
2월 28, 2022 10:02:34.164 [24972:24968:0228/100234.164:ERROR:device_event_log_impl.cc(214)] [10:02:34.164] USB: usb_device_handle_win.cc:1049 Failed to read descriptor from node connection: 시스템에 부착된 장치가 작동하지 않습니다. (0x1F)
2월 28, 2022 10:02:34.166 [24972:24968:0228/100234.166:ERROR:device_event_log_impl.cc(214)] [10:02:34.166] Bluetooth: bluetooth_adapter_winrt.cc:1075 Getting Default Adapter failed.
2월 28, 2022 10:02:56.226 [25752:25164:0228/100256.226:ERROR:data_pack.cc(126)] Could not open pak file for writing: 다른 프로세스가 파일을 사용 중이기 때문에 프로세스가 액세스 할 수 없습니다. (0x20)
2월 28, 2022 10:02:58.325 [25752:18988:0228/100258.325:ERROR:chrome_browser_main_extra_parts_metrics.cc(227)] START: ReportBluetoothAvailability(). If you don't see the END: message, this is crbug.com/1216328.
2월 28, 2022 10:02:58.325 [25752:18988:0228/100258.325:ERROR:chrome_browser_main_extra_parts_metrics.cc(230)] END: ReportBluetoothAvailability()
2월 28, 2022 10:02:58.325 [25752:18988:0228/100258.325:ERROR:chrome_browser_main_extra_parts_metrics.cc(235)] START: GetDefaultBrowser(). If you don't see the END: message, this is crbug.com/1216328.
2월 28, 2022 10:02:58.328 [25752:18988:0228/100258.327:ERROR:chrome_browser_main_extra_parts_metrics.cc(239)] END: GetDefaultBrowser()
2월 28, 2022 10:02:58.331 [25752:25812:0228/100258.331:ERROR:device_event_log_impl.cc(214)] [10:02:58.332] USB: usb_device_handle_win.cc:1049 Failed to read descriptor from node connection: 시스템에 부착된 장치가 작동하지 않습니다. (0x1F)
2월 28, 2022 10:02:58.336 [25752:25812:0228/100258.336:ERROR:device_event_log_impl.cc(214)] [10:02:58.336] Bluetooth: bluetooth_adapter_winrt.cc:1075 Getting Default Adapter failed.
2월 28, 2022 10:03:11.997 [26080:21988:0228/100311.997:ERROR:data_pack.cc(126)] Could not open pak file for writing: 다른 프로세스가 파일을 사용 중이기 때문에 프로세스가 액세스 할 수 없습니다. (0x20)
2월 28, 2022 10:03:14.84 [26080:25984:0228/100314.083:ERROR:chrome_browser_main_extra_parts_metrics.cc(227)] START: ReportBluetoothAvailability(). If you don't see the END: message, this is crbug.com/1216328.
2월 28, 2022 10:03:14.84 [26080:25984:0228/100314.083:ERROR:chrome_browser_main_extra_parts_metrics.cc(230)] END: ReportBluetoothAvailability()
2월 28, 2022 10:03:14.84 [26080:25984:0228/100314.083:ERROR:chrome_browser_main_extra_parts_metrics.cc(235)] START: GetDefaultBrowser(). If you don't see the END: message, this is crbug.com/1216328.
2월 28, 2022 10:03:14.87 [26080:25984:0228/100314.087:ERROR:chrome_browser_main_extra_parts_metrics.cc(239)] END: GetDefaultBrowser()
2월 28, 2022 10:03:14.92 [26080:5540:0228/100314.092:ERROR:device_event_log_impl.cc(214)] [10:03:14.092] USB: usb_device_handle_win.cc:1049 Failed to read descriptor from node connection: 시스템에 부착된 장치가 작동하지 않습니다. (0x1F)
2월 28, 2022 10:03:14.96 [26080:5540:0228/100314.095:ERROR:device_event_log_impl.cc(214)] [10:03:14.096] Bluetooth: bluetooth_adapter_winrt.cc:1075 Getting Default Adapter failed.
2월 28, 2022 10:08:43.499 [1852:24400:0228/100843.499:ERROR:data_pack.cc(126)] Could not open pak file for writing: 다른 프로세스가 파일을 사용 중이기 때문에 프로세스가 액세스 할 수 없습니다. (0x20)
2월 28, 2022 10:17:46.541 [24208:5540:0228/101746.540:ERROR:data_pack.cc(126)] Could not open pak file for writing: 다른 프로세스가 파일을 사용 중이기 때문에 프로세스가 액세스 할 수 없습니다. (0x20)
2월 28, 2022 10:17:48.511 [24208:3060:0228/101748.511:ERROR:chrome_browser_main_extra_parts_metrics.cc(227)] START: ReportBluetoothAvailability(). If you don't see the END: message, this is crbug.com/1216328.
2월 28, 2022 10:17:48.512 [24208:3060:0228/101748.511:ERROR:chrome_browser_main_extra_parts_metrics.cc(230)] END: ReportBluetoothAvailability()
2월 28, 2022 10:17:48.512 [24208:3060:0228/101748.511:ERROR:chrome_browser_main_extra_parts_metrics.cc(235)] START: GetDefaultBrowser(). If you don't see the END: message, this is crbug.com/1216328.
2월 28, 2022 10:17:48.515 [24208:3060:0228/101748.514:ERROR:chrome_browser_main_extra_parts_metrics.cc(239)] END: GetDefaultBrowser()
2월 28, 2022 10:17:48.519 [24208:8640:0228/101748.519:ERROR:device_event_log_impl.cc(214)] [10:17:48.519] USB: usb_device_handle_win.cc:1049 Failed to read descriptor from node connection: 시스템에 부착된 장치가 작동하지 않습니다. (0x1F)
2월 28, 2022 10:17:48.523 [24208:8640:0228/101748.523:ERROR:device_event_log_impl.cc(214)] [10:17:48.523] Bluetooth: bluetooth_adapter_winrt.cc:1075 Getting Default Adapter failed.
2월 28, 2022 10:42:14.170 [24208:8640:0228/104214.170:ERROR:interface_endpoint_client.cc(658)] Message 1 rejected by interface blink.mojom.WidgetHost
2월 28, 2022 10:56:54.306 [24208:8640:0228/105654.306:ERROR:interface_endpoint_client.cc(658)] Message 1 rejected by interface blink.mojom.WidgetHost
2월 28, 2022 11:00:31.238 [24208:8640:0228/110031.238:ERROR:interface_endpoint_client.cc(658)] Message 1 rejected by interface blink.mojom.WidgetHost
2월 28, 2022 11:01:51.559 [24208:8640:0228/110151.559:ERROR:interface_endpoint_client.cc(658)] Message 1 rejected by interface blink.mojom.WidgetHost
2월 28, 2022 11:32:28.19 [24832:26956:0228/113228.018:ERROR:data_pack.cc(126)] Could not open pak file for writing: 다른 프로세스가 파일을 사용 중이기 때문에 프로세스가 액세스 할 수 없습니다. (0x20)
2월 28, 2022 11:32:30.11 [24832:5100:0228/113230.011:ERROR:chrome_browser_main_extra_parts_metrics.cc(227)] START: ReportBluetoothAvailability(). If you don't see the END: message, this is crbug.com/1216328.
2월 28, 2022 11:32:30.11 [24832:5100:0228/113230.011:ERROR:chrome_browser_main_extra_parts_metrics.cc(230)] END: ReportBluetoothAvailability()
2월 28, 2022 11:32:30.11 [24832:5100:0228/113230.011:ERROR:chrome_browser_main_extra_parts_metrics.cc(235)] START: GetDefaultBrowser(). If you don't see the END: message, this is crbug.com/1216328.
2월 28, 2022 11:32:30.14 [24832:5100:0228/113230.014:ERROR:chrome_browser_main_extra_parts_metrics.cc(239)] END: GetDefaultBrowser()
2월 28, 2022 11:32:30.18 [24832:26448:0228/113230.018:ERROR:device_event_log_impl.cc(214)] [11:32:30.018] USB: usb_device_handle_win.cc:1049 Failed to read descriptor from node connection: 시스템에 부착된 장치가 작동하지 않습니다. (0x1F)
2월 28, 2022 11:32:30.22 [24832:26448:0228/113230.022:ERROR:device_event_log_impl.cc(214)] [11:32:30.022] Bluetooth: bluetooth_adapter_winrt.cc:1075 Getting Default Adapter failed.
2월 28, 2022 11:34:56.789 [25556:344:0228/113456.789:ERROR:data_pack.cc(126)] Could not open pak file for writing: 다른 프로세스가 파일을 사용 중이기 때문에 프로세스가 액세스 할 수 없습니다. (0x20)
2월 28, 2022 11:34:58.893 [25556:26976:0228/113458.893:ERROR:chrome_browser_main_extra_parts_metrics.cc(227)] START: ReportBluetoothAvailability(). If you don't see the END: message, this is crbug.com/1216328.
2월 28, 2022 11:34:58.893 [25556:26976:0228/113458.893:ERROR:chrome_browser_main_extra_parts_metrics.cc(230)] END: ReportBluetoothAvailability()
2월 28, 2022 11:34:58.893 [25556:26976:0228/113458.893:ERROR:chrome_browser_main_extra_parts_metrics.cc(235)] START: GetDefaultBrowser(). If you don't see the END: message, this is crbug.com/1216328.
2월 28, 2022 11:34:58.896 [25556:26976:0228/113458.896:ERROR:chrome_browser_main_extra_parts_metrics.cc(239)] END: GetDefaultBrowser()
2월 28, 2022 11:34:58.902 [25556:24616:0228/113458.902:ERROR:device_event_log_impl.cc(214)] [11:34:58.901] USB: usb_device_handle_win.cc:1049 Failed to read descriptor from node connection: 시스템에 부착된 장치가 작동하지 않습니다. (0x1F)
2월 28, 2022 11:34:58.905 [25556:24616:0228/113458.904:ERROR:device_event_log_impl.cc(214)] [11:34:58.904] Bluetooth: bluetooth_adapter_winrt.cc:1075 Getting Default Adapter failed.
2월 28, 2022 12:04:46.735 [28528:5172:0228/120446.735:ERROR:data_pack.cc(126)] Could not open pak file for writing: 다른 프로세스가 파일을 사용 중이기 때문에 프로세스가 액세스 할 수 없습니다. (0x20)
2월 28, 2022 12:04:48.716 [28528:28604:0228/120448.716:ERROR:chrome_browser_main_extra_parts_metrics.cc(227)] START: ReportBluetoothAvailability(). If you don't see the END: message, this is crbug.com/1216328.
2월 28, 2022 12:04:48.716 [28528:28604:0228/120448.716:ERROR:chrome_browser_main_extra_parts_metrics.cc(230)] END: ReportBluetoothAvailability()
2월 28, 2022 12:04:48.716 [28528:28604:0228/120448.716:ERROR:chrome_browser_main_extra_parts_metrics.cc(235)] START: GetDefaultBrowser(). If you don't see the END: message, this is crbug.com/1216328.
2월 28, 2022 12:04:48.720 [28528:28604:0228/120448.720:ERROR:chrome_browser_main_extra_parts_metrics.cc(239)] END: GetDefaultBrowser()
2월 28, 2022 12:04:48.724 [28528:25612:0228/120448.724:ERROR:device_event_log_impl.cc(214)] [12:04:48.724] USB: usb_device_handle_win.cc:1049 Failed to read descriptor from node connection: 시스템에 부착된 장치가 작동하지 않습니다. (0x1F)
2월 28, 2022 12:04:48.728 [28528:25612:0228/120448.728:ERROR:device_event_log_impl.cc(214)] [12:04:48.728] Bluetooth: bluetooth_adapter_winrt.cc:1075 Getting Default Adapter failed.
2월 28, 2022 12:08:11.992 [28528:25612:0228/120811.992:ERROR:interface_endpoint_client.cc(658)] Message 1 rejected by interface blink.mojom.WidgetHost
2월 28, 2022 12:52:04.98 [29028:29188:0228/125204.098:ERROR:data_pack.cc(126)] Could not open pak file for writing: 다른 프로세스가 파일을 사용 중이기 때문에 프로세스가 액세스 할 수 없습니다. (0x20)
2월 28, 2022 12:52:07.169 [29028:13592:0228/125207.168:ERROR:chrome_browser_main_extra_parts_metrics.cc(227)] START: ReportBluetoothAvailability(). If you don't see the END: message, this is crbug.com/1216328.
2월 28, 2022 12:52:07.169 [29028:13592:0228/125207.168:ERROR:chrome_browser_main_extra_parts_metrics.cc(230)] END: ReportBluetoothAvailability()
2월 28, 2022 12:52:07.169 [29028:13592:0228/125207.168:ERROR:chrome_browser_main_extra_parts_metrics.cc(235)] START: GetDefaultBrowser(). If you don't see the END: message, this is crbug.com/1216328.
2월 28, 2022 12:52:07.173 [29028:13592:0228/125207.172:ERROR:chrome_browser_main_extra_parts_metrics.cc(239)] END: GetDefaultBrowser()
2월 28, 2022 12:52:07.177 [29028:29540:0228/125207.177:ERROR:device_event_log_impl.cc(214)] [12:52:07.177] USB: usb_device_handle_win.cc:1049 Failed to read descriptor from node connection: 시스템에 부착된 장치가 작동하지 않습니다. (0x1F)
2월 28, 2022 12:52:07.182 [29028:29540:0228/125207.182:ERROR:device_event_log_impl.cc(214)] [12:52:07.182] Bluetooth: bluetooth_adapter_winrt.cc:1075 Getting Default Adapter failed.
2월 28, 2022 13:04:04.832 [29028:19280:0228/130404.831:ERROR:database.cc(1777)] Passwords SQLite error: code 2067 errno 0: UNIQUE constraint failed: logins.origin_url, logins.username_element, logins.username_value, logins.password_element, logins.signon_realm sql: INSERT INTO logins (origin_url, action_url, username_element, username_value, password_element, password_value, submit_element, signon_realm, date_created, blacklisted_by_user, scheme, password_type, times_used, form_data, display_name, icon_url, federation_url, skip_zero_click, generation_upload_status, possible_username_pairs, id, date_last_used, moving_blocked_for, date_password_modified) VALUES (?,?,?,?,?,?,?,?,?,?,?,?,?,?,?,?,?,?,?,?,?,?,?,?)
2월 28, 2022 13:04:54.156 [24904:29176:0228/130454.156:ERROR:data_pack.cc(126)] Could not open pak file for writing: 다른 프로세스가 파일을 사용 중이기 때문에 프로세스가 액세스 할 수 없습니다. (0x20)
2월 28, 2022 13:04:56.110 [24904:18436:0228/130456.110:ERROR:chrome_browser_main_extra_parts_metrics.cc(227)] START: ReportBluetoothAvailability(). If you don't see the END: message, this is crbug.com/1216328.
2월 28, 2022 13:04:56.110 [24904:18436:0228/130456.110:ERROR:chrome_browser_main_extra_parts_metrics.cc(230)] END: ReportBluetoothAvailability()
2월 28, 2022 13:04:56.110 [24904:18436:0228/130456.110:ERROR:chrome_browser_main_extra_parts_metrics.cc(235)] START: GetDefaultBrowser(). If you don't see the END: message, this is crbug.com/1216328.
2월 28, 2022 13:04:56.113 [24904:18436:0228/130456.112:ERROR:chrome_browser_main_extra_parts_metrics.cc(239)] END: GetDefaultBrowser()
2월 28, 2022 13:04:56.117 [24904:18624:0228/130456.117:ERROR:device_event_log_impl.cc(214)] [13:04:56.117] USB: usb_device_handle_win.cc:1049 Failed to read descriptor from node connection: 시스템에 부착된 장치가 작동하지 않습니다. (0x1F)
2월 28, 2022 13:04:56.121 [24904:18624:0228/130456.121:ERROR:device_event_log_impl.cc(214)] [13:04:56.121] Bluetooth: bluetooth_adapter_winrt.cc:1075 Getting Default Adapter failed.
2월 28, 2022 13:05:34.936 [24904:23460:0228/130534.936:ERROR:database.cc(1777)] Passwords SQLite error: code 2067 errno 0: UNIQUE constraint failed: logins.origin_url, logins.username_element, logins.username_value, logins.password_element, logins.signon_realm sql: INSERT INTO logins (origin_url, action_url, username_element, username_value, password_element, password_value, submit_element, signon_realm, date_created, blacklisted_by_user, scheme, password_type, times_used, form_data, display_name, icon_url, federation_url, skip_zero_click, generation_upload_status, possible_username_pairs, id, date_last_used, moving_blocked_for, date_password_modified) VALUES (?,?,?,?,?,?,?,?,?,?,?,?,?,?,?,?,?,?,?,?,?,?,?,?)
2월 28, 2022 14:37:52.616 [24904:26436:0228/143752.615:ERROR:database.cc(1777)] Passwords SQLite error: code 2067 errno 0: UNIQUE constraint failed: logins.origin_url, logins.username_element, logins.username_value, logins.password_element, logins.signon_realm sql: INSERT INTO logins (origin_url, action_url, username_element, username_value, password_element, password_value, submit_element, signon_realm, date_created, blacklisted_by_user, scheme, password_type, times_used, form_data, display_name, icon_url, federation_url, skip_zero_click, generation_upload_status, possible_username_pairs, id, date_last_used, moving_blocked_for, date_password_modified) VALUES (?,?,?,?,?,?,?,?,?,?,?,?,?,?,?,?,?,?,?,?,?,?,?,?)

3월 02, 2022 09:31:24.547 NEW SESSION
3월 02, 2022 09:31:24.547 [11096:19424:0302/093124.543:ERROR:data_pack.cc(126)] Could not open pak file for writing: 다른 프로세스가 파일을 사용 중이기 때문에 프로세스가 액세스 할 수 없습니다. (0x20)
3월 02, 2022 09:31:26.502 [11096:17928:0302/093126.502:ERROR:chrome_browser_main_extra_parts_metrics.cc(227)] START: ReportBluetoothAvailability(). If you don't see the END: message, this is crbug.com/1216328.
3월 02, 2022 09:31:26.502 [11096:17928:0302/093126.502:ERROR:chrome_browser_main_extra_parts_metrics.cc(230)] END: ReportBluetoothAvailability()
3월 02, 2022 09:31:26.503 [11096:17928:0302/093126.502:ERROR:chrome_browser_main_extra_parts_metrics.cc(235)] START: GetDefaultBrowser(). If you don't see the END: message, this is crbug.com/1216328.
3월 02, 2022 09:31:26.505 [11096:17928:0302/093126.505:ERROR:chrome_browser_main_extra_parts_metrics.cc(239)] END: GetDefaultBrowser()
3월 02, 2022 09:31:26.510 [11096:9284:0302/093126.510:ERROR:device_event_log_impl.cc(214)] [09:31:26.511] USB: usb_device_handle_win.cc:1049 Failed to read descriptor from node connection: 시스템에 부착된 장치가 작동하지 않습니다. (0x1F)
3월 02, 2022 09:31:26.513 [11096:9284:0302/093126.513:ERROR:device_event_log_impl.cc(214)] [09:31:26.514] Bluetooth: bluetooth_adapter_winrt.cc:1075 Getting Default Adapter failed.
3월 02, 2022 10:50:41.862 [11096:9284:0302/105041.862:ERROR:interface_endpoint_client.cc(658)] Message 5 rejected by interface blink.mojom.WidgetHost
3월 02, 2022 10:55:38.740 [11096:24068:0302/105538.740:ERROR:database.cc(1777)] Passwords SQLite error: code 2067 errno 0: UNIQUE constraint failed: logins.origin_url, logins.username_element, logins.username_value, logins.password_element, logins.signon_realm sql: INSERT INTO logins (origin_url, action_url, username_element, username_value, password_element, password_value, submit_element, signon_realm, date_created, blacklisted_by_user, scheme, password_type, times_used, form_data, display_name, icon_url, federation_url, skip_zero_click, generation_upload_status, possible_username_pairs, id, date_last_used, moving_blocked_for, date_password_modified) VALUES (?,?,?,?,?,?,?,?,?,?,?,?,?,?,?,?,?,?,?,?,?,?,?,?)
3월 02, 2022 10:58:32.877 [11096:9284:0302/105832.877:ERROR:device_event_log_impl.cc(214)] [10:58:32.876] USB: usb_service_win.cc:260 Failed to get device driver name: 요소가 없습니다. (0x490)
3월 02, 2022 11:12:38.279 [11096:9284:0302/111238.279:ERROR:interface_endpoint_client.cc(658)] Message 1 rejected by interface blink.mojom.WidgetHost
3월 02, 2022 12:10:08.141 [11096:9284:0302/121008.141:ERROR:device_event_log_impl.cc(214)] [12:10:08.142] USB: usb_service_win.cc:260 Failed to get device driver name: 요소가 없습니다. (0x490)
3월 02, 2022 12:14:28.517 [11096:27956:0302/121428.517:ERROR:database.cc(1777)] Passwords SQLite error: code 2067 errno 0: UNIQUE constraint failed: logins.origin_url, logins.username_element, logins.username_value, logins.password_element, logins.signon_realm sql: INSERT INTO logins (origin_url, action_url, username_element, username_value, password_element, password_value, submit_element, signon_realm, date_created, blacklisted_by_user, scheme, password_type, times_used, form_data, display_name, icon_url, federation_url, skip_zero_click, generation_upload_status, possible_username_pairs, id, date_last_used, moving_blocked_for, date_password_modified) VALUES (?,?,?,?,?,?,?,?,?,?,?,?,?,?,?,?,?,?,?,?,?,?,?,?)
3월 02, 2022 12:42:28.145 [11096:26420:0302/124228.145:ERROR:database.cc(1777)] Passwords SQLite error: code 2067 errno 0: UNIQUE constraint failed: logins.origin_url, logins.username_element, logins.username_value, logins.password_element, logins.signon_realm sql: INSERT INTO logins (origin_url, action_url, username_element, username_value, password_element, password_value, submit_element, signon_realm, date_created, blacklisted_by_user, scheme, password_type, times_used, form_data, display_name, icon_url, federation_url, skip_zero_click, generation_upload_status, possible_username_pairs, id, date_last_used, moving_blocked_for, date_password_modified) VALUES (?,?,?,?,?,?,?,?,?,?,?,?,?,?,?,?,?,?,?,?,?,?,?,?)
3월 02, 2022 12:49:38.236 [17468:25332:0302/124938.236:ERROR:data_pack.cc(126)] Could not open pak file for writing: 다른 프로세스가 파일을 사용 중이기 때문에 프로세스가 액세스 할 수 없습니다. (0x20)
3월 02, 2022 12:49:40.189 [17468:28972:0302/124940.188:ERROR:chrome_browser_main_extra_parts_metrics.cc(227)] START: ReportBluetoothAvailability(). If you don't see the END: message, this is crbug.com/1216328.
3월 02, 2022 12:49:40.189 [17468:28972:0302/124940.188:ERROR:chrome_browser_main_extra_parts_metrics.cc(230)] END: ReportBluetoothAvailability()
3월 02, 2022 12:49:40.189 [17468:28972:0302/124940.188:ERROR:chrome_browser_main_extra_parts_metrics.cc(235)] START: GetDefaultBrowser(). If you don't see the END: message, this is crbug.com/1216328.
3월 02, 2022 12:49:40.191 [17468:28972:0302/124940.191:ERROR:chrome_browser_main_extra_parts_metrics.cc(239)] END: GetDefaultBrowser()
3월 02, 2022 12:49:40.198 [17468:26700:0302/124940.198:ERROR:device_event_log_impl.cc(214)] [12:49:40.198] USB: usb_device_handle_win.cc:1049 Failed to read descriptor from node connection: 시스템에 부착된 장치가 작동하지 않습니다. (0x1F)
3월 02, 2022 12:49:40.202 [17468:26700:0302/124940.202:ERROR:device_event_log_impl.cc(214)] [12:49:40.203] Bluetooth: bluetooth_adapter_winrt.cc:1075 Getting Default Adapter failed.
3월 02, 2022 12:49:46.164 [17468:25680:0302/124946.163:ERROR:database.cc(1777)] Passwords SQLite error: code 2067 errno 0: UNIQUE constraint failed: logins.origin_url, logins.username_element, logins.username_value, logins.password_element, logins.signon_realm sql: INSERT INTO logins (origin_url, action_url, username_element, username_value, password_element, password_value, submit_element, signon_realm, date_created, blacklisted_by_user, scheme, password_type, times_used, form_data, display_name, icon_url, federation_url, skip_zero_click, generation_upload_status, possible_username_pairs, id, date_last_used, moving_blocked_for, date_password_modified) VALUES (?,?,?,?,?,?,?,?,?,?,?,?,?,?,?,?,?,?,?,?,?,?,?,?)
3월 02, 2022 14:09:04.320 [11108:28780:0302/140904.319:ERROR:data_pack.cc(126)] Could not open pak file for writing: 다른 프로세스가 파일을 사용 중이기 때문에 프로세스가 액세스 할 수 없습니다. (0x20)
3월 02, 2022 14:09:06.386 [11108:6396:0302/140906.386:ERROR:chrome_browser_main_extra_parts_metrics.cc(227)] START: ReportBluetoothAvailability(). If you don't see the END: message, this is crbug.com/1216328.
3월 02, 2022 14:09:06.386 [11108:6396:0302/140906.386:ERROR:chrome_browser_main_extra_parts_metrics.cc(230)] END: ReportBluetoothAvailability()
3월 02, 2022 14:09:06.386 [11108:6396:0302/140906.386:ERROR:chrome_browser_main_extra_parts_metrics.cc(235)] START: GetDefaultBrowser(). If you don't see the END: message, this is crbug.com/1216328.
3월 02, 2022 14:09:06.389 [11108:6396:0302/140906.389:ERROR:chrome_browser_main_extra_parts_metrics.cc(239)] END: GetDefaultBrowser()
3월 02, 2022 14:09:06.394 [11108:6560:0302/140906.394:ERROR:device_event_log_impl.cc(214)] [14:09:06.394] USB: usb_device_handle_win.cc:1049 Failed to read descriptor from node connection: 시스템에 부착된 장치가 작동하지 않습니다. (0x1F)
3월 02, 2022 14:09:06.396 [11108:6560:0302/140906.396:ERROR:device_event_log_impl.cc(214)] [14:09:06.396] USB: usb_device_handle_win.cc:1049 Failed to read descriptor from node connection: 시스템에 부착된 장치가 작동하지 않습니다. (0x1F)
3월 02, 2022 14:09:06.397 [11108:6560:0302/140906.397:ERROR:device_event_log_impl.cc(214)] [14:09:06.397] Bluetooth: bluetooth_adapter_winrt.cc:1075 Getting Default Adapter failed.
3월 02, 2022 14:09:29.138 [12292:29460:0302/140929.138:ERROR:data_pack.cc(126)] Could not open pak file for writing: 다른 프로세스가 파일을 사용 중이기 때문에 프로세스가 액세스 할 수 없습니다. (0x20)
3월 02, 2022 14:09:31.201 [12292:23204:0302/140931.200:ERROR:chrome_browser_main_extra_parts_metrics.cc(227)] START: ReportBluetoothAvailability(). If you don't see the END: message, this is crbug.com/1216328.
3월 02, 2022 14:09:31.201 [12292:23204:0302/140931.200:ERROR:chrome_browser_main_extra_parts_metrics.cc(230)] END: ReportBluetoothAvailability()
3월 02, 2022 14:09:31.201 [12292:23204:0302/140931.200:ERROR:chrome_browser_main_extra_parts_metrics.cc(235)] START: GetDefaultBrowser(). If you don't see the END: message, this is crbug.com/1216328.
3월 02, 2022 14:09:31.204 [12292:23204:0302/140931.204:ERROR:chrome_browser_main_extra_parts_metrics.cc(239)] END: GetDefaultBrowser()
3월 02, 2022 14:09:31.209 [12292:27872:0302/140931.209:ERROR:device_event_log_impl.cc(214)] [14:09:31.209] USB: usb_device_handle_win.cc:1049 Failed to read descriptor from node connection: 시스템에 부착된 장치가 작동하지 않습니다. (0x1F)
3월 02, 2022 14:09:31.212 [12292:27872:0302/140931.211:ERROR:device_event_log_impl.cc(214)] [14:09:31.211] USB: usb_device_handle_win.cc:1049 Failed to read descriptor from node connection: 시스템에 부착된 장치가 작동하지 않습니다. (0x1F)
3월 02, 2022 14:09:31.212 [12292:27872:0302/140931.212:ERROR:device_event_log_impl.cc(214)] [14:09:31.212] Bluetooth: bluetooth_adapter_winrt.cc:1075 Getting Default Adapter failed.
3월 02, 2022 14:09:59.374 [13672:25620:0302/140959.373:ERROR:data_pack.cc(126)] Could not open pak file for writing: 다른 프로세스가 파일을 사용 중이기 때문에 프로세스가 액세스 할 수 없습니다. (0x20)
3월 02, 2022 14:10:01.429 [13672:12096:0302/141001.428:ERROR:chrome_browser_main_extra_parts_metrics.cc(227)] START: ReportBluetoothAvailability(). If you don't see the END: message, this is crbug.com/1216328.
3월 02, 2022 14:10:01.429 [13672:12096:0302/141001.428:ERROR:chrome_browser_main_extra_parts_metrics.cc(230)] END: ReportBluetoothAvailability()
3월 02, 2022 14:10:01.429 [13672:12096:0302/141001.428:ERROR:chrome_browser_main_extra_parts_metrics.cc(235)] START: GetDefaultBrowser(). If you don't see the END: message, this is crbug.com/1216328.
3월 02, 2022 14:10:01.431 [13672:12096:0302/141001.431:ERROR:chrome_browser_main_extra_parts_metrics.cc(239)] END: GetDefaultBrowser()
3월 02, 2022 14:10:01.436 [13672:28248:0302/141001.436:ERROR:device_event_log_impl.cc(214)] [14:10:01.435] USB: usb_device_handle_win.cc:1049 Failed to read descriptor from node connection: 시스템에 부착된 장치가 작동하지 않습니다. (0x1F)
3월 02, 2022 14:10:01.438 [13672:28248:0302/141001.437:ERROR:device_event_log_impl.cc(214)] [14:10:01.437] USB: usb_device_handle_win.cc:1049 Failed to read descriptor from node connection: 시스템에 부착된 장치가 작동하지 않습니다. (0x1F)
3월 02, 2022 14:10:01.439 [13672:28248:0302/141001.438:ERROR:device_event_log_impl.cc(214)] [14:10:01.438] Bluetooth: bluetooth_adapter_winrt.cc:1075 Getting Default Adapter failed.
3월 02, 2022 14:12:32.432 [16816:21736:0302/141232.431:ERROR:data_pack.cc(126)] Could not open pak file for writing: 다른 프로세스가 파일을 사용 중이기 때문에 프로세스가 액세스 할 수 없습니다. (0x20)
3월 02, 2022 14:12:34.512 [16816:21120:0302/141234.512:ERROR:chrome_browser_main_extra_parts_metrics.cc(227)] START: ReportBluetoothAvailability(). If you don't see the END: message, this is crbug.com/1216328.
3월 02, 2022 14:12:34.512 [16816:21120:0302/141234.512:ERROR:chrome_browser_main_extra_parts_metrics.cc(230)] END: ReportBluetoothAvailability()
3월 02, 2022 14:12:34.512 [16816:21120:0302/141234.512:ERROR:chrome_browser_main_extra_parts_metrics.cc(235)] START: GetDefaultBrowser(). If you don't see the END: message, this is crbug.com/1216328.
3월 02, 2022 14:12:34.515 [16816:21120:0302/141234.514:ERROR:chrome_browser_main_extra_parts_metrics.cc(239)] END: GetDefaultBrowser()
3월 02, 2022 14:12:34.520 [16816:20992:0302/141234.520:ERROR:device_event_log_impl.cc(214)] [14:12:34.519] USB: usb_device_handle_win.cc:1049 Failed to read descriptor from node connection: 시스템에 부착된 장치가 작동하지 않습니다. (0x1F)
3월 02, 2022 14:12:34.522 [16816:20992:0302/141234.522:ERROR:device_event_log_impl.cc(214)] [14:12:34.522] USB: usb_device_handle_win.cc:1049 Failed to read descriptor from node connection: 시스템에 부착된 장치가 작동하지 않습니다. (0x1F)
3월 02, 2022 14:12:34.523 [16816:20992:0302/141234.523:ERROR:device_event_log_impl.cc(214)] [14:12:34.523] Bluetooth: bluetooth_adapter_winrt.cc:1075 Getting Default Adapter failed.
3월 02, 2022 14:14:06.736 [24100:26228:0302/141406.736:ERROR:data_pack.cc(126)] Could not open pak file for writing: 다른 프로세스가 파일을 사용 중이기 때문에 프로세스가 액세스 할 수 없습니다. (0x20)
3월 02, 2022 14:14:08.979 [24100:23800:0302/141408.979:ERROR:chrome_browser_main_extra_parts_metrics.cc(227)] START: ReportBluetoothAvailability(). If you don't see the END: message, this is crbug.com/1216328.
3월 02, 2022 14:14:08.979 [24100:23800:0302/141408.979:ERROR:chrome_browser_main_extra_parts_metrics.cc(230)] END: ReportBluetoothAvailability()
3월 02, 2022 14:14:08.980 [24100:23800:0302/141408.979:ERROR:chrome_browser_main_extra_parts_metrics.cc(235)] START: GetDefaultBrowser(). If you don't see the END: message, this is crbug.com/1216328.
3월 02, 2022 14:14:08.984 [24100:23800:0302/141408.983:ERROR:chrome_browser_main_extra_parts_metrics.cc(239)] END: GetDefaultBrowser()
3월 02, 2022 14:14:08.988 [24100:2468:0302/141408.988:ERROR:device_event_log_impl.cc(214)] [14:14:08.989] USB: usb_device_handle_win.cc:1049 Failed to read descriptor from node connection: 시스템에 부착된 장치가 작동하지 않습니다. (0x1F)
3월 02, 2022 14:14:08.990 [24100:2468:0302/141408.990:ERROR:device_event_log_impl.cc(214)] [14:14:08.991] USB: usb_device_handle_win.cc:1049 Failed to read descriptor from node connection: 시스템에 부착된 장치가 작동하지 않습니다. (0x1F)
3월 02, 2022 14:14:08.991 [24100:2468:0302/141408.991:ERROR:device_event_log_impl.cc(214)] [14:14:08.992] Bluetooth: bluetooth_adapter_winrt.cc:1075 Getting Default Adapter failed.
3월 02, 2022 14:22:16.265 [30140:29152:0302/142216.264:ERROR:data_pack.cc(126)] Could not open pak file for writing: 다른 프로세스가 파일을 사용 중이기 때문에 프로세스가 액세스 할 수 없습니다. (0x20)
3월 02, 2022 14:22:18.374 [30140:28332:0302/142218.374:ERROR:chrome_browser_main_extra_parts_metrics.cc(227)] START: ReportBluetoothAvailability(). If you don't see the END: message, this is crbug.com/1216328.
3월 02, 2022 14:22:18.374 [30140:28332:0302/142218.374:ERROR:chrome_browser_main_extra_parts_metrics.cc(230)] END: ReportBluetoothAvailability()
3월 02, 2022 14:22:18.375 [30140:28332:0302/142218.374:ERROR:chrome_browser_main_extra_parts_metrics.cc(235)] START: GetDefaultBrowser(). If you don't see the END: message, this is crbug.com/1216328.
3월 02, 2022 14:22:18.378 [30140:28332:0302/142218.378:ERROR:chrome_browser_main_extra_parts_metrics.cc(239)] END: GetDefaultBrowser()
3월 02, 2022 14:22:18.383 [30140:7148:0302/142218.383:ERROR:device_event_log_impl.cc(214)] [14:22:18.383] USB: usb_device_handle_win.cc:1049 Failed to read descriptor from node connection: 시스템에 부착된 장치가 작동하지 않습니다. (0x1F)
3월 02, 2022 14:22:18.385 [30140:7148:0302/142218.385:ERROR:device_event_log_impl.cc(214)] [14:22:18.385] USB: usb_device_handle_win.cc:1049 Failed to read descriptor from node connection: 시스템에 부착된 장치가 작동하지 않습니다. (0x1F)
3월 02, 2022 14:22:18.386 [30140:7148:0302/142218.386:ERROR:device_event_log_impl.cc(214)] [14:22:18.386] Bluetooth: bluetooth_adapter_winrt.cc:1075 Getting Default Adapter failed.
3월 02, 2022 14:27:14.272 [28120:13588:0302/142714.271:ERROR:data_pack.cc(126)] Could not open pak file for writing: 다른 프로세스가 파일을 사용 중이기 때문에 프로세스가 액세스 할 수 없습니다. (0x20)
3월 02, 2022 14:27:16.383 [28120:19572:0302/142716.382:ERROR:chrome_browser_main_extra_parts_metrics.cc(227)] START: ReportBluetoothAvailability(). If you don't see the END: message, this is crbug.com/1216328.
3월 02, 2022 14:27:16.383 [28120:19572:0302/142716.382:ERROR:chrome_browser_main_extra_parts_metrics.cc(230)] END: ReportBluetoothAvailability()
3월 02, 2022 14:27:16.383 [28120:19572:0302/142716.382:ERROR:chrome_browser_main_extra_parts_metrics.cc(235)] START: GetDefaultBrowser(). If you don't see the END: message, this is crbug.com/1216328.
3월 02, 2022 14:27:16.385 [28120:19572:0302/142716.385:ERROR:chrome_browser_main_extra_parts_metrics.cc(239)] END: GetDefaultBrowser()
3월 02, 2022 14:27:16.390 [28120:26528:0302/142716.390:ERROR:device_event_log_impl.cc(214)] [14:27:16.389] USB: usb_device_handle_win.cc:1049 Failed to read descriptor from node connection: 시스템에 부착된 장치가 작동하지 않습니다. (0x1F)
3월 02, 2022 14:27:16.392 [28120:26528:0302/142716.392:ERROR:device_event_log_impl.cc(214)] [14:27:16.391] USB: usb_device_handle_win.cc:1049 Failed to read descriptor from node connection: 시스템에 부착된 장치가 작동하지 않습니다. (0x1F)
3월 02, 2022 14:27:16.393 [28120:26528:0302/142716.393:ERROR:device_event_log_impl.cc(214)] [14:27:16.392] Bluetooth: bluetooth_adapter_winrt.cc:1075 Getting Default Adapter failed.
3월 02, 2022 14:27:30.842 [29664:28852:0302/142730.841:ERROR:data_pack.cc(126)] Could not open pak file for writing: 다른 프로세스가 파일을 사용 중이기 때문에 프로세스가 액세스 할 수 없습니다. (0x20)
3월 02, 2022 14:27:32.944 [29664:27796:0302/142732.943:ERROR:chrome_browser_main_extra_parts_metrics.cc(227)] START: ReportBluetoothAvailability(). If you don't see the END: message, this is crbug.com/1216328.
3월 02, 2022 14:27:32.944 [29664:27796:0302/142732.943:ERROR:chrome_browser_main_extra_parts_metrics.cc(230)] END: ReportBluetoothAvailability()
3월 02, 2022 14:27:32.944 [29664:27796:0302/142732.943:ERROR:chrome_browser_main_extra_parts_metrics.cc(235)] START: GetDefaultBrowser(). If you don't see the END: message, this is crbug.com/1216328.
3월 02, 2022 14:27:32.947 [29664:27796:0302/142732.947:ERROR:chrome_browser_main_extra_parts_metrics.cc(239)] END: GetDefaultBrowser()
3월 02, 2022 14:27:32.953 [29664:13388:0302/142732.953:ERROR:device_event_log_impl.cc(214)] [14:27:32.952] USB: usb_device_handle_win.cc:1049 Failed to read descriptor from node connection: 시스템에 부착된 장치가 작동하지 않습니다. (0x1F)
3월 02, 2022 14:27:32.955 [29664:13388:0302/142732.955:ERROR:device_event_log_impl.cc(214)] [14:27:32.954] USB: usb_device_handle_win.cc:1049 Failed to read descriptor from node connection: 시스템에 부착된 장치가 작동하지 않습니다. (0x1F)
3월 02, 2022 14:27:32.956 [29664:13388:0302/142732.956:ERROR:device_event_log_impl.cc(214)] [14:27:32.956] Bluetooth: bluetooth_adapter_winrt.cc:1075 Getting Default Adapter failed.
3월 02, 2022 14:28:33.984 [30368:9008:0302/142833.984:ERROR:data_pack.cc(126)] Could not open pak file for writing: 다른 프로세스가 파일을 사용 중이기 때문에 프로세스가 액세스 할 수 없습니다. (0x20)
3월 02, 2022 14:28:35.946 [30368:30300:0302/142835.946:ERROR:chrome_browser_main_extra_parts_metrics.cc(227)] START: ReportBluetoothAvailability(). If you don't see the END: message, this is crbug.com/1216328.
3월 02, 2022 14:28:35.946 [30368:30300:0302/142835.946:ERROR:chrome_browser_main_extra_parts_metrics.cc(230)] END: ReportBluetoothAvailability()
3월 02, 2022 14:28:35.947 [30368:30300:0302/142835.946:ERROR:chrome_browser_main_extra_parts_metrics.cc(235)] START: GetDefaultBrowser(). If you don't see the END: message, this is crbug.com/1216328.
3월 02, 2022 14:28:35.949 [30368:30300:0302/142835.949:ERROR:chrome_browser_main_extra_parts_metrics.cc(239)] END: GetDefaultBrowser()
3월 02, 2022 14:28:35.954 [30368:13760:0302/142835.954:ERROR:device_event_log_impl.cc(214)] [14:28:35.954] USB: usb_device_handle_win.cc:1049 Failed to read descriptor from node connection: 시스템에 부착된 장치가 작동하지 않습니다. (0x1F)
3월 02, 2022 14:28:35.956 [30368:13760:0302/142835.956:ERROR:device_event_log_impl.cc(214)] [14:28:35.956] USB: usb_device_handle_win.cc:1049 Failed to read descriptor from node connection: 시스템에 부착된 장치가 작동하지 않습니다. (0x1F)
3월 02, 2022 14:28:35.957 [30368:13760:0302/142835.957:ERROR:device_event_log_impl.cc(214)] [14:28:35.957] Bluetooth: bluetooth_adapter_winrt.cc:1075 Getting Default Adapter failed.
3월 02, 2022 14:30:57.874 [28288:27612:0302/143057.874:ERROR:data_pack.cc(126)] Could not open pak file for writing: 다른 프로세스가 파일을 사용 중이기 때문에 프로세스가 액세스 할 수 없습니다. (0x20)
3월 02, 2022 14:30:59.854 [28288:7120:0302/143059.854:ERROR:chrome_browser_main_extra_parts_metrics.cc(227)] START: ReportBluetoothAvailability(). If you don't see the END: message, this is crbug.com/1216328.
3월 02, 2022 14:30:59.854 [28288:7120:0302/143059.854:ERROR:chrome_browser_main_extra_parts_metrics.cc(230)] END: ReportBluetoothAvailability()
3월 02, 2022 14:30:59.854 [28288:7120:0302/143059.854:ERROR:chrome_browser_main_extra_parts_metrics.cc(235)] START: GetDefaultBrowser(). If you don't see the END: message, this is crbug.com/1216328.
3월 02, 2022 14:30:59.857 [28288:7120:0302/143059.857:ERROR:chrome_browser_main_extra_parts_metrics.cc(239)] END: GetDefaultBrowser()
3월 02, 2022 14:30:59.863 [28288:28240:0302/143059.862:ERROR:device_event_log_impl.cc(214)] [14:30:59.863] USB: usb_device_handle_win.cc:1049 Failed to read descriptor from node connection: 시스템에 부착된 장치가 작동하지 않습니다. (0x1F)
3월 02, 2022 14:30:59.864 [28288:28240:0302/143059.864:ERROR:device_event_log_impl.cc(214)] [14:30:59.864] USB: usb_device_handle_win.cc:1049 Failed to read descriptor from node connection: 시스템에 부착된 장치가 작동하지 않습니다. (0x1F)
3월 02, 2022 14:30:59.865 [28288:28240:0302/143059.865:ERROR:device_event_log_impl.cc(214)] [14:30:59.865] Bluetooth: bluetooth_adapter_winrt.cc:1075 Getting Default Adapter failed.
3월 02, 2022 14:34:59.307 [23748:26768:0302/143459.307:ERROR:data_pack.cc(126)] Could not open pak file for writing: 다른 프로세스가 파일을 사용 중이기 때문에 프로세스가 액세스 할 수 없습니다. (0x20)
3월 02, 2022 14:35:01.397 [23748:30400:0302/143501.397:ERROR:chrome_browser_main_extra_parts_metrics.cc(227)] START: ReportBluetoothAvailability(). If you don't see the END: message, this is crbug.com/1216328.
3월 02, 2022 14:35:01.397 [23748:30400:0302/143501.397:ERROR:chrome_browser_main_extra_parts_metrics.cc(230)] END: ReportBluetoothAvailability()
3월 02, 2022 14:35:01.398 [23748:30400:0302/143501.397:ERROR:chrome_browser_main_extra_parts_metrics.cc(235)] START: GetDefaultBrowser(). If you don't see the END: message, this is crbug.com/1216328.
3월 02, 2022 14:35:01.400 [23748:30400:0302/143501.400:ERROR:chrome_browser_main_extra_parts_metrics.cc(239)] END: GetDefaultBrowser()
3월 02, 2022 14:35:01.405 [23748:12096:0302/143501.404:ERROR:device_event_log_impl.cc(214)] [14:35:01.405] USB: usb_device_handle_win.cc:1049 Failed to read descriptor from node connection: 시스템에 부착된 장치가 작동하지 않습니다. (0x1F)
3월 02, 2022 14:35:01.407 [23748:12096:0302/143501.407:ERROR:device_event_log_impl.cc(214)] [14:35:01.407] USB: usb_device_handle_win.cc:1049 Failed to read descriptor from node connection: 시스템에 부착된 장치가 작동하지 않습니다. (0x1F)
3월 02, 2022 14:35:01.409 [23748:12096:0302/143501.409:ERROR:device_event_log_impl.cc(214)] [14:35:01.409] Bluetooth: bluetooth_adapter_winrt.cc:1075 Getting Default Adapter failed.
3월 02, 2022 14:42:04.116 [29152:26404:0302/144204.116:ERROR:data_pack.cc(126)] Could not open pak file for writing: 다른 프로세스가 파일을 사용 중이기 때문에 프로세스가 액세스 할 수 없습니다. (0x20)
3월 02, 2022 14:42:06.73 [29152:28728:0302/144206.073:ERROR:chrome_browser_main_extra_parts_metrics.cc(227)] START: ReportBluetoothAvailability(). If you don't see the END: message, this is crbug.com/1216328.
3월 02, 2022 14:42:06.74 [29152:28728:0302/144206.073:ERROR:chrome_browser_main_extra_parts_metrics.cc(230)] END: ReportBluetoothAvailability()
3월 02, 2022 14:42:06.74 [29152:28728:0302/144206.073:ERROR:chrome_browser_main_extra_parts_metrics.cc(235)] START: GetDefaultBrowser(). If you don't see the END: message, this is crbug.com/1216328.
3월 02, 2022 14:42:06.77 [29152:28728:0302/144206.077:ERROR:chrome_browser_main_extra_parts_metrics.cc(239)] END: GetDefaultBrowser()
3월 02, 2022 14:42:06.82 [29152:11076:0302/144206.082:ERROR:device_event_log_impl.cc(214)] [14:42:06.082] USB: usb_device_handle_win.cc:1049 Failed to read descriptor from node connection: 시스템에 부착된 장치가 작동하지 않습니다. (0x1F)
3월 02, 2022 14:42:06.84 [29152:11076:0302/144206.084:ERROR:device_event_log_impl.cc(214)] [14:42:06.084] USB: usb_device_handle_win.cc:1049 Failed to read descriptor from node connection: 시스템에 부착된 장치가 작동하지 않습니다. (0x1F)
3월 02, 2022 14:42:06.85 [29152:11076:0302/144206.085:ERROR:device_event_log_impl.cc(214)] [14:42:06.085] Bluetooth: bluetooth_adapter_winrt.cc:1075 Getting Default Adapter failed.
3월 02, 2022 14:49:12.580 [29152:30204:0302/144912.580:ERROR:database.cc(1777)] Passwords SQLite error: code 2067 errno 0: UNIQUE constraint failed: logins.origin_url, logins.username_element, logins.username_value, logins.password_element, logins.signon_realm sql: INSERT INTO logins (origin_url, action_url, username_element, username_value, password_element, password_value, submit_element, signon_realm, date_created, blacklisted_by_user, scheme, password_type, times_used, form_data, display_name, icon_url, federation_url, skip_zero_click, generation_upload_status, possible_username_pairs, id, date_last_used, moving_blocked_for, date_password_modified) VALUES (?,?,?,?,?,?,?,?,?,?,?,?,?,?,?,?,?,?,?,?,?,?,?,?)
3월 02, 2022 14:53:42.541 [27960:12196:0302/145342.541:ERROR:data_pack.cc(126)] Could not open pak file for writing: 다른 프로세스가 파일을 사용 중이기 때문에 프로세스가 액세스 할 수 없습니다. (0x20)
3월 02, 2022 14:53:44.496 [27960:18256:0302/145344.496:ERROR:chrome_browser_main_extra_parts_metrics.cc(227)] START: ReportBluetoothAvailability(). If you don't see the END: message, this is crbug.com/1216328.
3월 02, 2022 14:53:44.496 [27960:18256:0302/145344.496:ERROR:chrome_browser_main_extra_parts_metrics.cc(230)] END: ReportBluetoothAvailability()
3월 02, 2022 14:53:44.497 [27960:18256:0302/145344.496:ERROR:chrome_browser_main_extra_parts_metrics.cc(235)] START: GetDefaultBrowser(). If you don't see the END: message, this is crbug.com/1216328.
3월 02, 2022 14:53:44.499 [27960:18256:0302/145344.498:ERROR:chrome_browser_main_extra_parts_metrics.cc(239)] END: GetDefaultBrowser()
3월 02, 2022 14:53:44.632 [27960:19228:0302/145344.632:ERROR:device_event_log_impl.cc(214)] [14:53:44.632] Bluetooth: bluetooth_adapter_winrt.cc:1075 Getting Default Adapter failed.
3월 02, 2022 14:53:44.632 [27960:19228:0302/145344.632:ERROR:device_event_log_impl.cc(214)] [14:53:44.632] USB: usb_device_handle_win.cc:1049 Failed to read descriptor from node connection: 시스템에 부착된 장치가 작동하지 않습니다. (0x1F)
3월 02, 2022 14:53:44.654 [27960:19228:0302/145344.654:ERROR:device_event_log_impl.cc(214)] [14:53:44.653] USB: usb_device_handle_win.cc:1049 Failed to read descriptor from node connection: 시스템에 부착된 장치가 작동하지 않습니다. (0x1F)
3월 02, 2022 14:58:25.252 [28564:25248:0302/145825.252:ERROR:data_pack.cc(126)] Could not open pak file for writing: 다른 프로세스가 파일을 사용 중이기 때문에 프로세스가 액세스 할 수 없습니다. (0x20)
3월 02, 2022 14:58:27.567 [28564:27816:0302/145827.567:ERROR:chrome_browser_main_extra_parts_metrics.cc(227)] START: ReportBluetoothAvailability(). If you don't see the END: message, this is crbug.com/1216328.
3월 02, 2022 14:58:27.567 [28564:27816:0302/145827.567:ERROR:chrome_browser_main_extra_parts_metrics.cc(230)] END: ReportBluetoothAvailability()
3월 02, 2022 14:58:27.568 [28564:27816:0302/145827.567:ERROR:chrome_browser_main_extra_parts_metrics.cc(235)] START: GetDefaultBrowser(). If you don't see the END: message, this is crbug.com/1216328.
3월 02, 2022 14:58:27.569 [28564:27816:0302/145827.569:ERROR:chrome_browser_main_extra_parts_metrics.cc(239)] END: GetDefaultBrowser()
3월 02, 2022 14:58:27.574 [28564:30228:0302/145827.574:ERROR:device_event_log_impl.cc(214)] [14:58:27.574] USB: usb_device_handle_win.cc:1049 Failed to read descriptor from node connection: 시스템에 부착된 장치가 작동하지 않습니다. (0x1F)
3월 02, 2022 14:58:27.576 [28564:30228:0302/145827.575:ERROR:device_event_log_impl.cc(214)] [14:58:27.576] USB: usb_device_handle_win.cc:1049 Failed to read descriptor from node connection: 시스템에 부착된 장치가 작동하지 않습니다. (0x1F)
3월 02, 2022 14:58:27.577 [28564:30228:0302/145827.577:ERROR:device_event_log_impl.cc(214)] [14:58:27.578] Bluetooth: bluetooth_adapter_winrt.cc:1075 Getting Default Adapter failed.
3월 02, 2022 15:15:53.339 [28564:28800:0302/151553.339:ERROR:database.cc(1777)] Passwords SQLite error: code 2067 errno 0: UNIQUE constraint failed: logins.origin_url, logins.username_element, logins.username_value, logins.password_element, logins.signon_realm sql: INSERT INTO logins (origin_url, action_url, username_element, username_value, password_element, password_value, submit_element, signon_realm, date_created, blacklisted_by_user, scheme, password_type, times_used, form_data, display_name, icon_url, federation_url, skip_zero_click, generation_upload_status, possible_username_pairs, id, date_last_used, moving_blocked_for, date_password_modified) VALUES (?,?,?,?,?,?,?,?,?,?,?,?,?,?,?,?,?,?,?,?,?,?,?,?)
3월 02, 2022 15:16:05.214 [27360:28872:0302/151605.213:ERROR:data_pack.cc(126)] Could not open pak file for writing: 다른 프로세스가 파일을 사용 중이기 때문에 프로세스가 액세스 할 수 없습니다. (0x20)
3월 02, 2022 15:16:07.169 [27360:30144:0302/151607.168:ERROR:chrome_browser_main_extra_parts_metrics.cc(227)] START: ReportBluetoothAvailability(). If you don't see the END: message, this is crbug.com/1216328.
3월 02, 2022 15:16:07.169 [27360:30144:0302/151607.168:ERROR:chrome_browser_main_extra_parts_metrics.cc(230)] END: ReportBluetoothAvailability()
3월 02, 2022 15:16:07.169 [27360:30144:0302/151607.168:ERROR:chrome_browser_main_extra_parts_metrics.cc(235)] START: GetDefaultBrowser(). If you don't see the END: message, this is crbug.com/1216328.
3월 02, 2022 15:16:07.171 [27360:30144:0302/151607.171:ERROR:chrome_browser_main_extra_parts_metrics.cc(239)] END: GetDefaultBrowser()
3월 02, 2022 15:16:07.176 [27360:28076:0302/151607.176:ERROR:device_event_log_impl.cc(214)] [15:16:07.175] USB: usb_device_handle_win.cc:1049 Failed to read descriptor from node connection: 시스템에 부착된 장치가 작동하지 않습니다. (0x1F)
3월 02, 2022 15:16:07.178 [27360:28076:0302/151607.178:ERROR:device_event_log_impl.cc(214)] [15:16:07.177] USB: usb_device_handle_win.cc:1049 Failed to read descriptor from node connection: 시스템에 부착된 장치가 작동하지 않습니다. (0x1F)
3월 02, 2022 15:16:07.179 [27360:28076:0302/151607.179:ERROR:device_event_log_impl.cc(214)] [15:16:07.178] Bluetooth: bluetooth_adapter_winrt.cc:1075 Getting Default Adapter failed.
3월 02, 2022 15:16:11.565 [27360:4312:0302/151611.565:ERROR:database.cc(1777)] Passwords SQLite error: code 2067 errno 0: UNIQUE constraint failed: logins.origin_url, logins.username_element, logins.username_value, logins.password_element, logins.signon_realm sql: INSERT INTO logins (origin_url, action_url, username_element, username_value, password_element, password_value, submit_element, signon_realm, date_created, blacklisted_by_user, scheme, password_type, times_used, form_data, display_name, icon_url, federation_url, skip_zero_click, generation_upload_status, possible_username_pairs, id, date_last_used, moving_blocked_for, date_password_modified) VALUES (?,?,?,?,?,?,?,?,?,?,?,?,?,?,?,?,?,?,?,?,?,?,?,?)
3월 02, 2022 15:20:18.460 [3808:30652:0302/152018.460:ERROR:data_pack.cc(126)] Could not open pak file for writing: 다른 프로세스가 파일을 사용 중이기 때문에 프로세스가 액세스 할 수 없습니다. (0x20)
3월 02, 2022 15:20:20.563 [3808:28604:0302/152020.563:ERROR:chrome_browser_main_extra_parts_metrics.cc(227)] START: ReportBluetoothAvailability(). If you don't see the END: message, this is crbug.com/1216328.
3월 02, 2022 15:20:20.563 [3808:28604:0302/152020.563:ERROR:chrome_browser_main_extra_parts_metrics.cc(230)] END: ReportBluetoothAvailability()
3월 02, 2022 15:20:20.563 [3808:28604:0302/152020.563:ERROR:chrome_browser_main_extra_parts_metrics.cc(235)] START: GetDefaultBrowser(). If you don't see the END: message, this is crbug.com/1216328.
3월 02, 2022 15:20:20.566 [3808:28604:0302/152020.566:ERROR:chrome_browser_main_extra_parts_metrics.cc(239)] END: GetDefaultBrowser()
3월 02, 2022 15:20:20.573 [3808:27276:0302/152020.573:ERROR:device_event_log_impl.cc(214)] [15:20:20.573] USB: usb_device_handle_win.cc:1049 Failed to read descriptor from node connection: 시스템에 부착된 장치가 작동하지 않습니다. (0x1F)
3월 02, 2022 15:20:20.575 [3808:27276:0302/152020.575:ERROR:device_event_log_impl.cc(214)] [15:20:20.576] USB: usb_device_handle_win.cc:1049 Failed to read descriptor from node connection: 시스템에 부착된 장치가 작동하지 않습니다. (0x1F)
3월 02, 2022 15:20:20.575 [3808:27276:0302/152020.575:ERROR:device_event_log_impl.cc(214)] [15:20:20.576] Bluetooth: bluetooth_adapter_winrt.cc:1075 Getting Default Adapter failed.
3월 02, 2022 15:20:25.692 [3808:30652:0302/152025.692:ERROR:database.cc(1777)] Passwords SQLite error: code 2067 errno 0: UNIQUE constraint failed: logins.origin_url, logins.username_element, logins.username_value, logins.password_element, logins.signon_realm sql: INSERT INTO logins (origin_url, action_url, username_element, username_value, password_element, password_value, submit_element, signon_realm, date_created, blacklisted_by_user, scheme, password_type, times_used, form_data, display_name, icon_url, federation_url, skip_zero_click, generation_upload_status, possible_username_pairs, id, date_last_used, moving_blocked_for, date_password_modified) VALUES (?,?,?,?,?,?,?,?,?,?,?,?,?,?,?,?,?,?,?,?,?,?,?,?)
3월 02, 2022 15:21:25.109 [3808:23564:0302/152125.109:ERROR:database.cc(1777)] Passwords SQLite error: code 2067 errno 0: UNIQUE constraint failed: logins.origin_url, logins.username_element, logins.username_value, logins.password_element, logins.signon_realm sql: INSERT INTO logins (origin_url, action_url, username_element, username_value, password_element, password_value, submit_element, signon_realm, date_created, blacklisted_by_user, scheme, password_type, times_used, form_data, display_name, icon_url, federation_url, skip_zero_click, generation_upload_status, possible_username_pairs, id, date_last_used, moving_blocked_for, date_password_modified) VALUES (?,?,?,?,?,?,?,?,?,?,?,?,?,?,?,?,?,?,?,?,?,?,?,?)
3월 02, 2022 15:21:37.865 [3808:30652:0302/152137.864:ERROR:database.cc(1777)] Passwords SQLite error: code 2067 errno 0: UNIQUE constraint failed: logins.origin_url, logins.username_element, logins.username_value, logins.password_element, logins.signon_realm sql: INSERT INTO logins (origin_url, action_url, username_element, username_value, password_element, password_value, submit_element, signon_realm, date_created, blacklisted_by_user, scheme, password_type, times_used, form_data, display_name, icon_url, federation_url, skip_zero_click, generation_upload_status, possible_username_pairs, id, date_last_used, moving_blocked_for, date_password_modified) VALUES (?,?,?,?,?,?,?,?,?,?,?,?,?,?,?,?,?,?,?,?,?,?,?,?)
3월 02, 2022 15:24:01.385 [3808:27276:0302/152401.384:ERROR:interface_endpoint_client.cc(658)] Message 1 rejected by interface blink.mojom.WidgetHost
3월 02, 2022 15:24:02.787 [3808:27276:0302/152402.787:ERROR:interface_endpoint_client.cc(658)] Message 1 rejected by interface blink.mojom.WidgetHost
3월 02, 2022 15:26:22.476 [3808:27276:0302/152622.476:ERROR:interface_endpoint_client.cc(658)] Message 1 rejected by interface blink.mojom.WidgetHost
3월 02, 2022 15:28:13.316 [3808:27276:0302/152813.315:ERROR:interface_endpoint_client.cc(658)] Message 0 rejected by interface blink.mojom.WidgetHost
3월 02, 2022 16:02:57.839 [3808:27276:0302/160257.839:ERROR:interface_endpoint_client.cc(658)] Message 1 rejected by interface blink.mojom.WidgetHost
3월 02, 2022 16:44:42.750 [3808:30012:0302/164442.750:ERROR:database.cc(1777)] Passwords SQLite error: code 2067 errno 0: UNIQUE constraint failed: logins.origin_url, logins.username_element, logins.username_value, logins.password_element, logins.signon_realm sql: INSERT INTO logins (origin_url, action_url, username_element, username_value, password_element, password_value, submit_element, signon_realm, date_created, blacklisted_by_user, scheme, password_type, times_used, form_data, display_name, icon_url, federation_url, skip_zero_click, generation_upload_status, possible_username_pairs, id, date_last_used, moving_blocked_for, date_password_modified) VALUES (?,?,?,?,?,?,?,?,?,?,?,?,?,?,?,?,?,?,?,?,?,?,?,?)

3월 03, 2022 12:35:19.53 NEW SESSION
3월 03, 2022 12:35:19.53 [7012:27128:0303/123519.049:ERROR:data_pack.cc(126)] Could not open pak file for writing: 다른 프로세스가 파일을 사용 중이기 때문에 프로세스가 액세스 할 수 없습니다. (0x20)
3월 03, 2022 12:35:44.950 [26144:27676:0303/123544.949:ERROR:data_pack.cc(126)] Could not open pak file for writing: 다른 프로세스가 파일을 사용 중이기 때문에 프로세스가 액세스 할 수 없습니다. (0x20)
3월 03, 2022 12:35:47.237 [26144:29036:0303/123547.237:ERROR:device_event_log_impl.cc(214)] [12:35:47.237] USB: usb_device_handle_win.cc:1049 Failed to read descriptor from node connection: 시스템에 부착된 장치가 작동하지 않습니다. (0x1F)
3월 03, 2022 12:35:47.239 [26144:29036:0303/123547.239:ERROR:device_event_log_impl.cc(214)] [12:35:47.239] USB: usb_device_handle_win.cc:1049 Failed to read descriptor from node connection: 시스템에 부착된 장치가 작동하지 않습니다. (0x1F)
3월 03, 2022 12:35:47.241 [26144:29036:0303/123547.241:ERROR:device_event_log_impl.cc(214)] [12:35:47.241] Bluetooth: bluetooth_adapter_winrt.cc:1075 Getting Default Adapter failed.
3월 03, 2022 12:50:29.746 [26144:29036:0303/125029.746:ERROR:interface_endpoint_client.cc(659)] Message 1 rejected by interface blink.mojom.WidgetHost
3월 03, 2022 12:52:43.944 [26144:28968:0303/125243.943:ERROR:database.cc(1777)] Passwords SQLite error: code 2067 errno 0: UNIQUE constraint failed: logins.origin_url, logins.username_element, logins.username_value, logins.password_element, logins.signon_realm sql: INSERT INTO logins (origin_url, action_url, username_element, username_value, password_element, password_value, submit_element, signon_realm, date_created, blacklisted_by_user, scheme, password_type, times_used, form_data, display_name, icon_url, federation_url, skip_zero_click, generation_upload_status, possible_username_pairs, id, date_last_used, moving_blocked_for, date_password_modified) VALUES (?,?,?,?,?,?,?,?,?,?,?,?,?,?,?,?,?,?,?,?,?,?,?,?)
3월 03, 2022 13:24:44.738 [26144:29036:0303/132444.738:ERROR:device_event_log_impl.cc(214)] [13:24:44.738] USB: usb_service_win.cc:260 Failed to get device driver name: 요소가 없습니다. (0x490)
3월 03, 2022 13:40:12.827 [26144:29036:0303/134012.826:ERROR:device_event_log_impl.cc(214)] [13:40:12.827] USB: usb_service_win.cc:260 Failed to get device driver name: 요소가 없습니다. (0x490)
3월 03, 2022 14:24:21.495 [26144:9964:0303/142421.494:ERROR:database.cc(1777)] Passwords SQLite error: code 2067 errno 0: UNIQUE constraint failed: logins.origin_url, logins.username_element, logins.username_value, logins.password_element, logins.signon_realm sql: INSERT INTO logins (origin_url, action_url, username_element, username_value, password_element, password_value, submit_element, signon_realm, date_created, blacklisted_by_user, scheme, password_type, times_used, form_data, display_name, icon_url, federation_url, skip_zero_click, generation_upload_status, possible_username_pairs, id, date_last_used, moving_blocked_for, date_password_modified) VALUES (?,?,?,?,?,?,?,?,?,?,?,?,?,?,?,?,?,?,?,?,?,?,?,?)
3월 03, 2022 14:56:48.191 [26144:29036:0303/145648.191:ERROR:interface_endpoint_client.cc(659)] Message 1 rejected by interface blink.mojom.WidgetHost
3월 03, 2022 14:56:50.282 [26144:29036:0303/145650.282:ERROR:interface_endpoint_client.cc(659)] Message 1 rejected by interface blink.mojom.WidgetHost
3월 03, 2022 14:59:15.942 [26144:29036:0303/145915.942:ERROR:interface_endpoint_client.cc(659)] Message 1 rejected by interface blink.mojom.WidgetHost
3월 03, 2022 15:20:46.924 [26144:29036:0303/152046.924:ERROR:interface_endpoint_client.cc(659)] Message 1 rejected by interface blink.mojom.WidgetHost
3월 03, 2022 15:22:13.26 [26144:2012:0303/152213.026:ERROR:database.cc(1777)] Passwords SQLite error: code 2067 errno 0: UNIQUE constraint failed: logins.origin_url, logins.username_element, logins.username_value, logins.password_element, logins.signon_realm sql: INSERT INTO logins (origin_url, action_url, username_element, username_value, password_element, password_value, submit_element, signon_realm, date_created, blacklisted_by_user, scheme, password_type, times_used, form_data, display_name, icon_url, federation_url, skip_zero_click, generation_upload_status, possible_username_pairs, id, date_last_used, moving_blocked_for, date_password_modified) VALUES (?,?,?,?,?,?,?,?,?,?,?,?,?,?,?,?,?,?,?,?,?,?,?,?)
3월 03, 2022 15:25:12.97 [26144:29036:0303/152512.097:ERROR:interface_endpoint_client.cc(659)] Message 1 rejected by interface blink.mojom.WidgetHost
3월 03, 2022 16:22:33.98 [26144:4336:0303/162233.098:ERROR:database.cc(1777)] Passwords SQLite error: code 2067 errno 0: UNIQUE constraint failed: logins.origin_url, logins.username_element, logins.username_value, logins.password_element, logins.signon_realm sql: INSERT INTO logins (origin_url, action_url, username_element, username_value, password_element, password_value, submit_element, signon_realm, date_created, blacklisted_by_user, scheme, password_type, times_used, form_data, display_name, icon_url, federation_url, skip_zero_click, generation_upload_status, possible_username_pairs, id, date_last_used, moving_blocked_for, date_password_modified) VALUES (?,?,?,?,?,?,?,?,?,?,?,?,?,?,?,?,?,?,?,?,?,?,?,?)
3월 03, 2022 16:55:59.838 [26144:29320:0303/165559.837:ERROR:database.cc(1777)] Passwords SQLite error: code 2067 errno 0: UNIQUE constraint failed: logins.origin_url, logins.username_element, logins.username_value, logins.password_element, logins.signon_realm sql: INSERT INTO logins (origin_url, action_url, username_element, username_value, password_element, password_value, submit_element, signon_realm, date_created, blacklisted_by_user, scheme, password_type, times_used, form_data, display_name, icon_url, federation_url, skip_zero_click, generation_upload_status, possible_username_pairs, id, date_last_used, moving_blocked_for, date_password_modified) VALUES (?,?,?,?,?,?,?,?,?,?,?,?,?,?,?,?,?,?,?,?,?,?,?,?)
3월 03, 2022 17:22:11.686 [26144:25544:0303/172211.686:ERROR:database.cc(1777)] Passwords SQLite error: code 2067 errno 0: UNIQUE constraint failed: logins.origin_url, logins.username_element, logins.username_value, logins.password_element, logins.signon_realm sql: INSERT INTO logins (origin_url, action_url, username_element, username_value, password_element, password_value, submit_element, signon_realm, date_created, blacklisted_by_user, scheme, password_type, times_used, form_data, display_name, icon_url, federation_url, skip_zero_click, generation_upload_status, possible_username_pairs, id, date_last_used, moving_blocked_for, date_password_modified) VALUES (?,?,?,?,?,?,?,?,?,?,?,?,?,?,?,?,?,?,?,?,?,?,?,?)

3월 04, 2022 14:20:10.496 NEW SESSION
3월 04, 2022 14:20:10.496 [23928:23716:0304/142010.492:ERROR:data_pack.cc(126)] Could not open pak file for writing: 다른 프로세스가 파일을 사용 중이기 때문에 프로세스가 액세스 할 수 없습니다. (0x20)
3월 04, 2022 14:20:43.719 [16404:25536:0304/142043.718:ERROR:data_pack.cc(126)] Could not open pak file for writing: 다른 프로세스가 파일을 사용 중이기 때문에 프로세스가 액세스 할 수 없습니다. (0x20)
3월 04, 2022 14:20:45.700 [16404:9616:0304/142045.699:ERROR:device_event_log_impl.cc(214)] [14:20:45.700] USB: usb_device_handle_win.cc:1049 Failed to read descriptor from node connection: 시스템에 부착된 장치가 작동하지 않습니다. (0x1F)
3월 04, 2022 14:20:45.701 [16404:9616:0304/142045.701:ERROR:device_event_log_impl.cc(214)] [14:20:45.701] USB: usb_device_handle_win.cc:1049 Failed to read descriptor from node connection: 시스템에 부착된 장치가 작동하지 않습니다. (0x1F)
3월 04, 2022 14:20:45.704 [16404:9616:0304/142045.704:ERROR:device_event_log_impl.cc(214)] [14:20:45.704] Bluetooth: bluetooth_adapter_winrt.cc:1075 Getting Default Adapter failed.
3월 04, 2022 14:20:55.875 [16404:25460:0304/142055.875:ERROR:database.cc(1777)] Passwords SQLite error: code 2067 errno 0: UNIQUE constraint failed: logins.origin_url, logins.username_element, logins.username_value, logins.password_element, logins.signon_realm sql: INSERT INTO logins (origin_url, action_url, username_element, username_value, password_element, password_value, submit_element, signon_realm, date_created, blacklisted_by_user, scheme, password_type, times_used, form_data, display_name, icon_url, federation_url, skip_zero_click, generation_upload_status, possible_username_pairs, id, date_last_used, moving_blocked_for, date_password_modified) VALUES (?,?,?,?,?,?,?,?,?,?,?,?,?,?,?,?,?,?,?,?,?,?,?,?)
3월 04, 2022 14:24:50.145 [16404:9616:0304/142450.145:ERROR:CONSOLE(1)] "TypeError: Cannot read properties of null (reading 'top')", source: devtools://devtools/bundled/devtools-frontend/front_end/third_party/codemirror.next/chunk/codemirror.js (1)
3월 04, 2022 14:43:23.676 [16404:13332:0304/144323.676:ERROR:database.cc(1777)] Passwords SQLite error: code 2067 errno 0: UNIQUE constraint failed: logins.origin_url, logins.username_element, logins.username_value, logins.password_element, logins.signon_realm sql: INSERT INTO logins (origin_url, action_url, username_element, username_value, password_element, password_value, submit_element, signon_realm, date_created, blacklisted_by_user, scheme, password_type, times_used, form_data, display_name, icon_url, federation_url, skip_zero_click, generation_upload_status, possible_username_pairs, id, date_last_used, moving_blocked_for, date_password_modified) VALUES (?,?,?,?,?,?,?,?,?,?,?,?,?,?,?,?,?,?,?,?,?,?,?,?)
3월 04, 2022 14:44:33.980 [16404:9616:0304/144433.980:ERROR:interface_endpoint_client.cc(659)] Message 1 rejected by interface blink.mojom.WidgetHost
3월 04, 2022 15:41:11.535 [16404:9616:0304/154111.535:ERROR:interface_endpoint_client.cc(659)] Message 1 rejected by interface blink.mojom.WidgetHost
3월 04, 2022 15:43:00.993 [16404:9616:0304/154300.993:ERROR:interface_endpoint_client.cc(659)] Message 1 rejected by interface blink.mojom.WidgetHost
3월 04, 2022 16:06:06.983 [26568:25724:0304/160606.983:ERROR:data_pack.cc(126)] Could not open pak file for writing: 다른 프로세스가 파일을 사용 중이기 때문에 프로세스가 액세스 할 수 없습니다. (0x20)
3월 04, 2022 16:06:09.366 [26568:19448:0304/160609.366:ERROR:device_event_log_impl.cc(214)] [16:06:09.365] USB: usb_device_handle_win.cc:1049 Failed to read descriptor from node connection: 시스템에 부착된 장치가 작동하지 않습니다. (0x1F)
3월 04, 2022 16:06:09.368 [26568:19448:0304/160609.368:ERROR:device_event_log_impl.cc(214)] [16:06:09.368] USB: usb_device_handle_win.cc:1049 Failed to read descriptor from node connection: 시스템에 부착된 장치가 작동하지 않습니다. (0x1F)
3월 04, 2022 16:06:09.372 [26568:19448:0304/160609.372:ERROR:device_event_log_impl.cc(214)] [16:06:09.371] Bluetooth: bluetooth_adapter_winrt.cc:1075 Getting Default Adapter failed.
3월 04, 2022 16:36:50.593 [26568:19448:0304/163650.593:ERROR:interface_endpoint_client.cc(659)] Message 1 rejected by interface blink.mojom.WidgetHost
3월 04, 2022 18:01:20.770 [26568:19448:0304/180120.769:ERROR:CONSOLE(6)] "console.assert", source: devtools://devtools/bundled/devtools-frontend/front_end/panels/console/console.js (6)
3월 04, 2022 18:01:20.770 [26568:19448:0304/180120.769:ERROR:CONSOLE(6)] "console.assert", source: devtools://devtools/bundled/devtools-frontend/front_end/panels/console/console.js (6)
3월 04, 2022 18:01:20.770 [26568:19448:0304/180120.769:ERROR:CONSOLE(6)] "console.assert", source: devtools://devtools/bundled/devtools-frontend/front_end/panels/console/console.js (6)
3월 04, 2022 18:01:20.770 [26568:19448:0304/180120.769:ERROR:CONSOLE(6)] "console.assert", source: devtools://devtools/bundled/devtools-frontend/front_end/panels/console/console.js (6)
3월 04, 2022 18:01:20.770 [26568:19448:0304/180120.769:ERROR:CONSOLE(6)] "console.assert", source: devtools://devtools/bundled/devtools-frontend/front_end/panels/console/console.js (6)

3월 07, 2022 09:56:21.479 NEW SESSION
3월 07, 2022 09:56:21.479 [23032:27232:0307/095621.475:ERROR:data_pack.cc(126)] Could not open pak file for writing: 다른 프로세스가 파일을 사용 중이기 때문에 프로세스가 액세스 할 수 없습니다. (0x20)
3월 07, 2022 09:56:23.456 [23032:24960:0307/095623.456:ERROR:device_event_log_impl.cc(214)] [09:56:23.456] USB: usb_device_handle_win.cc:1049 Failed to read descriptor from node connection: 시스템에 부착된 장치가 작동하지 않습니다. (0x1F)
3월 07, 2022 09:56:23.459 [23032:24960:0307/095623.459:ERROR:device_event_log_impl.cc(214)] [09:56:23.459] Bluetooth: bluetooth_adapter_winrt.cc:1075 Getting Default Adapter failed.
3월 07, 2022 09:57:11.286 [13356:26156:0307/095711.285:ERROR:data_pack.cc(126)] Could not open pak file for writing: 다른 프로세스가 파일을 사용 중이기 때문에 프로세스가 액세스 할 수 없습니다. (0x20)
3월 07, 2022 09:57:13.310 [13356:27224:0307/095713.310:ERROR:device_event_log_impl.cc(214)] [09:57:13.310] USB: usb_device_handle_win.cc:1049 Failed to read descriptor from node connection: 시스템에 부착된 장치가 작동하지 않습니다. (0x1F)
3월 07, 2022 09:57:13.314 [13356:27224:0307/095713.314:ERROR:device_event_log_impl.cc(214)] [09:57:13.313] Bluetooth: bluetooth_adapter_winrt.cc:1075 Getting Default Adapter failed.
3월 07, 2022 10:13:29.186 [13356:27224:0307/101329.186:ERROR:interface_endpoint_client.cc(659)] Message 1 rejected by interface blink.mojom.WidgetHost
3월 07, 2022 12:21:55.775 [13356:28096:0307/122155.775:ERROR:database.cc(1777)] Passwords SQLite error: code 2067 errno 0: UNIQUE constraint failed: logins.origin_url, logins.username_element, logins.username_value, logins.password_element, logins.signon_realm sql: INSERT INTO logins (origin_url, action_url, username_element, username_value, password_element, password_value, submit_element, signon_realm, date_created, blacklisted_by_user, scheme, password_type, times_used, form_data, display_name, icon_url, federation_url, skip_zero_click, generation_upload_status, possible_username_pairs, id, date_last_used, moving_blocked_for, date_password_modified) VALUES (?,?,?,?,?,?,?,?,?,?,?,?,?,?,?,?,?,?,?,?,?,?,?,?)
3월 07, 2022 12:27:30.955 [13356:27588:0307/122730.955:ERROR:database.cc(1777)] Passwords SQLite error: code 2067 errno 0: UNIQUE constraint failed: logins.origin_url, logins.username_element, logins.username_value, logins.password_element, logins.signon_realm sql: INSERT INTO logins (origin_url, action_url, username_element, username_value, password_element, password_value, submit_element, signon_realm, date_created, blacklisted_by_user, scheme, password_type, times_used, form_data, display_name, icon_url, federation_url, skip_zero_click, generation_upload_status, possible_username_pairs, id, date_last_used, moving_blocked_for, date_password_modified) VALUES (?,?,?,?,?,?,?,?,?,?,?,?,?,?,?,?,?,?,?,?,?,?,?,?)
3월 07, 2022 12:29:35.258 [13356:26620:0307/122935.257:ERROR:database.cc(1777)] Passwords SQLite error: code 2067 errno 0: UNIQUE constraint failed: logins.origin_url, logins.username_element, logins.username_value, logins.password_element, logins.signon_realm sql: INSERT INTO logins (origin_url, action_url, username_element, username_value, password_element, password_value, submit_element, signon_realm, date_created, blacklisted_by_user, scheme, password_type, times_used, form_data, display_name, icon_url, federation_url, skip_zero_click, generation_upload_status, possible_username_pairs, id, date_last_used, moving_blocked_for, date_password_modified) VALUES (?,?,?,?,?,?,?,?,?,?,?,?,?,?,?,?,?,?,?,?,?,?,?,?)
3월 07, 2022 12:31:06.101 [13356:26620:0307/123106.101:ERROR:database.cc(1777)] Passwords SQLite error: code 2067 errno 0: UNIQUE constraint failed: logins.origin_url, logins.username_element, logins.username_value, logins.password_element, logins.signon_realm sql: INSERT INTO logins (origin_url, action_url, username_element, username_value, password_element, password_value, submit_element, signon_realm, date_created, blacklisted_by_user, scheme, password_type, times_used, form_data, display_name, icon_url, federation_url, skip_zero_click, generation_upload_status, possible_username_pairs, id, date_last_used, moving_blocked_for, date_password_modified) VALUES (?,?,?,?,?,?,?,?,?,?,?,?,?,?,?,?,?,?,?,?,?,?,?,?)
3월 07, 2022 12:32:03.684 [13356:28096:0307/123203.684:ERROR:database.cc(1777)] Passwords SQLite error: code 2067 errno 0: UNIQUE constraint failed: logins.origin_url, logins.username_element, logins.username_value, logins.password_element, logins.signon_realm sql: INSERT INTO logins (origin_url, action_url, username_element, username_value, password_element, password_value, submit_element, signon_realm, date_created, blacklisted_by_user, scheme, password_type, times_used, form_data, display_name, icon_url, federation_url, skip_zero_click, generation_upload_status, possible_username_pairs, id, date_last_used, moving_blocked_for, date_password_modified) VALUES (?,?,?,?,?,?,?,?,?,?,?,?,?,?,?,?,?,?,?,?,?,?,?,?)
3월 07, 2022 13:05:50.829 [13356:27224:0307/130550.829:ERROR:interface_endpoint_client.cc(659)] Message 3 rejected by interface blink.mojom.Widget
3월 07, 2022 13:10:50.686 [13356:26688:0307/131050.685:ERROR:database.cc(1777)] Passwords SQLite error: code 2067 errno 0: UNIQUE constraint failed: logins.origin_url, logins.username_element, logins.username_value, logins.password_element, logins.signon_realm sql: INSERT INTO logins (origin_url, action_url, username_element, username_value, password_element, password_value, submit_element, signon_realm, date_created, blacklisted_by_user, scheme, password_type, times_used, form_data, display_name, icon_url, federation_url, skip_zero_click, generation_upload_status, possible_username_pairs, id, date_last_used, moving_blocked_for, date_password_modified) VALUES (?,?,?,?,?,?,?,?,?,?,?,?,?,?,?,?,?,?,?,?,?,?,?,?)
3월 07, 2022 13:13:09.577 [13356:25848:0307/131309.577:ERROR:database.cc(1777)] Passwords SQLite error: code 2067 errno 0: UNIQUE constraint failed: logins.origin_url, logins.username_element, logins.username_value, logins.password_element, logins.signon_realm sql: INSERT INTO logins (origin_url, action_url, username_element, username_value, password_element, password_value, submit_element, signon_realm, date_created, blacklisted_by_user, scheme, password_type, times_used, form_data, display_name, icon_url, federation_url, skip_zero_click, generation_upload_status, possible_username_pairs, id, date_last_used, moving_blocked_for, date_password_modified) VALUES (?,?,?,?,?,?,?,?,?,?,?,?,?,?,?,?,?,?,?,?,?,?,?,?)
3월 07, 2022 13:19:44.417 [13356:25848:0307/131944.417:ERROR:database.cc(1777)] Passwords SQLite error: code 2067 errno 0: UNIQUE constraint failed: logins.origin_url, logins.username_element, logins.username_value, logins.password_element, logins.signon_realm sql: INSERT INTO logins (origin_url, action_url, username_element, username_value, password_element, password_value, submit_element, signon_realm, date_created, blacklisted_by_user, scheme, password_type, times_used, form_data, display_name, icon_url, federation_url, skip_zero_click, generation_upload_status, possible_username_pairs, id, date_last_used, moving_blocked_for, date_password_modified) VALUES (?,?,?,?,?,?,?,?,?,?,?,?,?,?,?,?,?,?,?,?,?,?,?,?)
